Tests run: 8506, Time elapsed: 183.122 sec 
Tests run: 8506, Time elapsed: 197.366 sec 
Tests run: 8506, Time elapsed: 185.035 sec
